<?xml version="1.0" encoding="UTF-8"?><testrun name="Runner" project="Cucumber" tests="1" started="1" failures="0" errors="1" ignored="0">
  <testsuite name="methods.Runner" time="13.162">
    <testsuite name="Product purchase" time="13.162">
      <testcase name="Buying Product From Demoblaze" classname="Product purchase" time="13.162">
        <error>org.openqa.selenium.NoSuchElementException: no such element: Unable to locate element: {"method":"xpath","selector":"//a[@class='btn btn-success btn-lg']"}
  (Session info: chrome=99.0.4844.51)
For documentation on this error, please visit: https://selenium.dev/exceptions/#no_such_element
Build info: version: '4.1.4', revision: '535d840ee2'
System info: host: 'MANISH', ip: '192.168.0.107', os.name: 'Windows 10', os.arch: 'amd64', os.version: '10.0', java.version: '15.0.1'
Driver info: org.openqa.selenium.chrome.ChromeDriver
Command: [2d0b54adb4b1dbb7fee6e39e6e7bf1ed, findElement {using=xpath, value=//a[@class='btn btn-success btn-lg']}]
Capabilities {acceptInsecureCerts: false, browserName: chrome, browserVersion: 99.0.4844.51, chrome: {chromedriverVersion: 99.0.4844.51 (d537ec02474b5..., userDataDir: C:\Users\Acer\AppData\Local...}, goog:chromeOptions: {debuggerAddress: localhost:49476}, javascriptEnabled: true, networkConnectionEnabled: false, pageLoadStrategy: normal, platform: WINDOWS, platformName: WINDOWS, proxy: Proxy(), se:cdp: ws://localhost:49476/devtoo..., se:cdpVersion: 99.0.4844.51, setWindowRect: true, strictFileInteractability: false, timeouts: {implicit: 0, pageLoad: 300000, script: 30000}, unhandledPromptBehavior: dismiss and notify, webauthn:extension:credBlob: true, webauthn:extension:largeBlob: true, webauthn:virtualAuthenticators: true}
Session ID: 2d0b54adb4b1dbb7fee6e39e6e7bf1ed&#13;
	at java.base/jdk.internal.reflect.NativeConstructorAccessorImpl.newInstance0(Native Method)&#13;
	at java.base/jdk.internal.reflect.NativeConstructorAccessorImpl.newInstance(NativeConstructorAccessorImpl.java:64)&#13;
	at java.base/jdk.internal.reflect.DelegatingConstructorAccessorImpl.newInstance(DelegatingConstructorAccessorImpl.java:45)&#13;
	at java.base/java.lang.reflect.Constructor.newInstanceWithCaller(Constructor.java:500)&#13;
	at java.base/java.lang.reflect.Constructor.newInstance(Constructor.java:481)&#13;
	at org.openqa.selenium.remote.codec.w3c.W3CHttpResponseCodec.createException(W3CHttpResponseCodec.java:200)&#13;
	at org.openqa.selenium.remote.codec.w3c.W3CHttpResponseCodec.decode(W3CHttpResponseCodec.java:133)&#13;
	at org.openqa.selenium.remote.codec.w3c.W3CHttpResponseCodec.decode(W3CHttpResponseCodec.java:53)&#13;
	at org.openqa.selenium.remote.HttpCommandExecutor.execute(HttpCommandExecutor.java:184)&#13;
	at org.openqa.selenium.remote.service.DriverCommandExecutor.invokeExecute(DriverCommandExecutor.java:167)&#13;
	at org.openqa.selenium.remote.service.DriverCommandExecutor.execute(DriverCommandExecutor.java:142)&#13;
	at org.openqa.selenium.remote.RemoteWebDriver.execute(RemoteWebDriver.java:567)&#13;
	at org.openqa.selenium.remote.ElementLocation$ElementFinder$2.findElement(ElementLocation.java:162)&#13;
	at org.openqa.selenium.remote.ElementLocation.findElement(ElementLocation.java:60)&#13;
	at org.openqa.selenium.remote.RemoteWebDriver.findElement(RemoteWebDriver.java:385)&#13;
	at org.openqa.selenium.remote.RemoteWebDriver.findElement(RemoteWebDriver.java:377)&#13;
	at stepFile.DemoBlazeRun.userAddsProductToCart(DemoBlazeRun.java:36)&#13;
	at âœ½.user adds product to cart(file:///D:/cucumber_assignment/Cucumber/src/main/resources/features/DemoBlaze.feature:7)&#13;
&#13;
</error>
      </testcase>
    </testsuite>
  </testsuite>
</testrun>
